<html>
<head>
<title>TestNG:  GetUsers</title>
<link href="../testng.css" rel="stylesheet" type="text/css" />
<link href="../my-testng.css" rel="stylesheet" type="text/css" />

<style type="text/css">
.log { display: none;} 
.stack-trace { display: none;} 
</style>
<script type="text/javascript">
<!--
function flip(e) {
  current = e.style.display;
  if (current == 'block') {
    e.style.display = 'none';
    return 0;
  }
  else {
    e.style.display = 'block';
    return 1;
  }
}

function toggleBox(szDivId, elem, msg1, msg2)
{
  var res = -1;  if (document.getElementById) {
    res = flip(document.getElementById(szDivId));
  }
  else if (document.all) {
    // this is the way old msie versions work
    res = flip(document.all[szDivId]);
  }
  if(elem) {
    if(res == 0) elem.innerHTML = msg1; else elem.innerHTML = msg2;
  }

}

function toggleAllBoxes() {
  if (document.getElementsByTagName) {
    d = document.getElementsByTagName('div');
    for (i = 0; i < d.length; i++) {
      if (d[i].className == 'log') {
        flip(d[i]);
      }
    }
  }
}

// -->
</script>

</head>
<body>
<h2 align='center'>GetUsers</h2><table border='1' align="center">
<tr>
<td>Tests passed/Failed/Skipped:</td><td>108/5/0</td>
</tr><tr>
<td>Started on:</td><td>Fri May 01 23:47:44 EDT 2020</td>
</tr>
<tr><td>Total time:</td><td>29 seconds (29314 ms)</td>
</tr><tr>
<td>Included groups:</td><td></td>
</tr><tr>
<td>Excluded groups:</td><td></td>
</tr>
</table><p/>
<small><i>(Hover the method name to see the test class name)</i></small><p/>
<table width='100%' border='1' class='invocation-failed'>
<tr><td colspan='4' align='center'><b>FAILED TESTS</b></td></tr>
<tr><td><b>Test method</b></td>
<td width="30%"><b>Exception</b></td>
<td width="10%"><b>Time (seconds)</b></td>
<td><b>Instance</b></td>
</tr>
<tr>
<td title='SumUp.getusers.blanklocale()'><b>blanklocale</b><br>Test class: SumUp.getusers<br>Test method: User Generation with blank locale</td>
<td><div><pre>java.lang.AssertionError: 1 expectation failed.
Expected status code &lt;400&gt; but was &lt;200&gt;.

	at org.codehaus.groovy.runtime.callsite.ConstructorSite$ConstructorSiteNoUnwrap.callConstructor(ConstructorSite.java:84)
	at org.codehaus.groovy.runtime.callsite.CallSiteArray.defaultCallConstructor(CallSiteArray.java:60)
	at org.codehaus.groovy.runtime.callsite.AbstractCallSite.callConstructor(AbstractCallSite.java:235)
	at org.codehaus.groovy.runtime.callsite.AbstractCallSite.callConstructor(AbstractCallSite.java:247)
	at io.restassured.internal.ResponseSpecificationImpl$HamcrestAssertionClosure.validate(ResponseSpecificationImpl.groovy:471)
	at io.restassured.internal.ResponseSpecificationImpl$HamcrestAssertionClosure$validate$1.call(Unknown Source)
	at io.restassured.internal.ResponseSpecificationImpl.validate(ResponseSpecificationImpl.groovy:88)
	at io.restassured.internal.ValidatableResponseOptionsImpl.specification(ValidatableResponseOptionsImpl.java:311)
	at io.restassured.internal.ValidatableResponseOptionsImpl.spec(ValidatableResponseOptionsImpl.java:292)
	at SumUp.getusers.blanklocale(getusers.java:102)
... Removed 31 stack frames</pre></div><a href='#' onClick='toggleBox("stack-trace999361099", this, "Click to show all stack frames", "Click to hide stack frames")'>Click to show all stack frames</a>
<div class='stack-trace' id='stack-trace999361099'><pre>java.lang.AssertionError: 1 expectation failed.
Expected status code &lt;400&gt; but was &lt;200&gt;.

	at sun.reflect.NativeConstructorAccessorImpl.newInstance0(Native Method)
	at sun.reflect.NativeConstructorAccessorImpl.newInstance(Unknown Source)
	at sun.reflect.DelegatingConstructorAccessorImpl.newInstance(Unknown Source)
	at java.lang.reflect.Constructor.newInstance(Unknown Source)
	at org.codehaus.groovy.reflection.CachedConstructor.invoke(CachedConstructor.java:83)
	at org.codehaus.groovy.reflection.CachedConstructor.doConstructorInvoke(CachedConstructor.java:77)
	at org.codehaus.groovy.runtime.callsite.ConstructorSite$ConstructorSiteNoUnwrap.callConstructor(ConstructorSite.java:84)
	at org.codehaus.groovy.runtime.callsite.CallSiteArray.defaultCallConstructor(CallSiteArray.java:60)
	at org.codehaus.groovy.runtime.callsite.AbstractCallSite.callConstructor(AbstractCallSite.java:235)
	at org.codehaus.groovy.runtime.callsite.AbstractCallSite.callConstructor(AbstractCallSite.java:247)
	at io.restassured.internal.ResponseSpecificationImpl$HamcrestAssertionClosure.validate(ResponseSpecificationImpl.groovy:471)
	at io.restassured.internal.ResponseSpecificationImpl$HamcrestAssertionClosure$validate$1.call(Unknown Source)
	at io.restassured.internal.ResponseSpecificationImpl.validate(ResponseSpecificationImpl.groovy:88)
	at io.restassured.internal.ValidatableResponseOptionsImpl.specification(ValidatableResponseOptionsImpl.java:311)
	at io.restassured.internal.ValidatableResponseOptionsImpl.spec(ValidatableResponseOptionsImpl.java:292)
	at SumUp.getusers.blanklocale(getusers.java:102)
	at sun.reflect.NativeMethodAccessorImpl.invoke0(Native Method)
	at sun.reflect.NativeMethodAccessorImpl.invoke(Unknown Source)
	at sun.reflect.DelegatingMethodAccessorImpl.invoke(Unknown Source)
	at java.lang.reflect.Method.invoke(Unknown Source)
	at org.testng.internal.MethodInvocationHelper.invokeMethod(MethodInvocationHelper.java:124)
	at org.testng.internal.Invoker.invokeMethod(Invoker.java:583)
	at org.testng.internal.Invoker.invokeTestMethod(Invoker.java:719)
	at org.testng.internal.Invoker.invokeTestMethods(Invoker.java:989)
	at org.testng.internal.TestMethodWorker.invokeTestMethods(TestMethodWorker.java:125)
	at org.testng.internal.TestMethodWorker.run(TestMethodWorker.java:109)
	at org.testng.TestRunner.privateRun(TestRunner.java:648)
	at org.testng.TestRunner.run(TestRunner.java:505)
	at org.testng.SuiteRunner.runTest(SuiteRunner.java:455)
	at org.testng.SuiteRunner.runSequentially(SuiteRunner.java:450)
	at org.testng.SuiteRunner.privateRun(SuiteRunner.java:415)
	at org.testng.SuiteRunner.run(SuiteRunner.java:364)
	at org.testng.SuiteRunnerWorker.runSuite(SuiteRunnerWorker.java:52)
	at org.testng.SuiteRunnerWorker.run(SuiteRunnerWorker.java:84)
	at org.testng.TestNG.runSuitesSequentially(TestNG.java:1208)
	at org.testng.TestNG.runSuitesLocally(TestNG.java:1137)
	at org.testng.TestNG.runSuites(TestNG.java:1049)
	at org.testng.TestNG.run(TestNG.java:1017)
	at org.testng.remote.AbstractRemoteTestNG.run(AbstractRemoteTestNG.java:115)
	at org.testng.remote.RemoteTestNG.initAndRun(RemoteTestNG.java:251)
	at org.testng.remote.RemoteTestNG.main(RemoteTestNG.java:77)
</pre></div></td>
<td>0</td>
<td>SumUp.getusers@7a3e5cd3</td></tr>
<tr>
<td title='SumUp.getusers.invalidlocale()'><b>invalidlocale</b><br>Test class: SumUp.getusers<br>Test method: User Generation with invalid locale<br>Parameters: !@#$</td>
<td><div><pre>java.lang.AssertionError: 1 expectation failed.
Expected status code &lt;400&gt; but was &lt;200&gt;.

	at org.codehaus.groovy.runtime.callsite.ConstructorSite$ConstructorSiteNoUnwrap.callConstructor(ConstructorSite.java:84)
	at org.codehaus.groovy.runtime.callsite.AbstractCallSite.callConstructor(AbstractCallSite.java:247)
	at io.restassured.internal.ResponseSpecificationImpl$HamcrestAssertionClosure.validate(ResponseSpecificationImpl.groovy:471)
	at io.restassured.internal.ResponseSpecificationImpl$HamcrestAssertionClosure$validate$1.call(Unknown Source)
	at io.restassured.internal.ResponseSpecificationImpl.validate(ResponseSpecificationImpl.groovy:88)
	at io.restassured.internal.ValidatableResponseOptionsImpl.specification(ValidatableResponseOptionsImpl.java:311)
	at io.restassured.internal.ValidatableResponseOptionsImpl.spec(ValidatableResponseOptionsImpl.java:292)
	at SumUp.getusers.invalidlocale(getusers.java:142)
... Removed 31 stack frames</pre></div><a href='#' onClick='toggleBox("stack-trace1839544073", this, "Click to show all stack frames", "Click to hide stack frames")'>Click to show all stack frames</a>
<div class='stack-trace' id='stack-trace1839544073'><pre>java.lang.AssertionError: 1 expectation failed.
Expected status code &lt;400&gt; but was &lt;200&gt;.

	at sun.reflect.NativeConstructorAccessorImpl.newInstance0(Native Method)
	at sun.reflect.NativeConstructorAccessorImpl.newInstance(Unknown Source)
	at sun.reflect.DelegatingConstructorAccessorImpl.newInstance(Unknown Source)
	at java.lang.reflect.Constructor.newInstance(Unknown Source)
	at org.codehaus.groovy.reflection.CachedConstructor.invoke(CachedConstructor.java:83)
	at org.codehaus.groovy.reflection.CachedConstructor.doConstructorInvoke(CachedConstructor.java:77)
	at org.codehaus.groovy.runtime.callsite.ConstructorSite$ConstructorSiteNoUnwrap.callConstructor(ConstructorSite.java:84)
	at org.codehaus.groovy.runtime.callsite.AbstractCallSite.callConstructor(AbstractCallSite.java:247)
	at io.restassured.internal.ResponseSpecificationImpl$HamcrestAssertionClosure.validate(ResponseSpecificationImpl.groovy:471)
	at io.restassured.internal.ResponseSpecificationImpl$HamcrestAssertionClosure$validate$1.call(Unknown Source)
	at io.restassured.internal.ResponseSpecificationImpl.validate(ResponseSpecificationImpl.groovy:88)
	at io.restassured.internal.ValidatableResponseOptionsImpl.specification(ValidatableResponseOptionsImpl.java:311)
	at io.restassured.internal.ValidatableResponseOptionsImpl.spec(ValidatableResponseOptionsImpl.java:292)
	at SumUp.getusers.invalidlocale(getusers.java:142)
	at sun.reflect.NativeMethodAccessorImpl.invoke0(Native Method)
	at sun.reflect.NativeMethodAccessorImpl.invoke(Unknown Source)
	at sun.reflect.DelegatingMethodAccessorImpl.invoke(Unknown Source)
	at java.lang.reflect.Method.invoke(Unknown Source)
	at org.testng.internal.MethodInvocationHelper.invokeMethod(MethodInvocationHelper.java:124)
	at org.testng.internal.Invoker.invokeMethod(Invoker.java:583)
	at org.testng.internal.Invoker.invokeTestMethod(Invoker.java:719)
	at org.testng.internal.Invoker.invokeTestMethods(Invoker.java:989)
	at org.testng.internal.TestMethodWorker.invokeTestMethods(TestMethodWorker.java:125)
	at org.testng.internal.TestMethodWorker.run(TestMethodWorker.java:109)
	at org.testng.TestRunner.privateRun(TestRunner.java:648)
	at org.testng.TestRunner.run(TestRunner.java:505)
	at org.testng.SuiteRunner.runTest(SuiteRunner.java:455)
	at org.testng.SuiteRunner.runSequentially(SuiteRunner.java:450)
	at org.testng.SuiteRunner.privateRun(SuiteRunner.java:415)
	at org.testng.SuiteRunner.run(SuiteRunner.java:364)
	at org.testng.SuiteRunnerWorker.runSuite(SuiteRunnerWorker.java:52)
	at org.testng.SuiteRunnerWorker.run(SuiteRunnerWorker.java:84)
	at org.testng.TestNG.runSuitesSequentially(TestNG.java:1208)
	at org.testng.TestNG.runSuitesLocally(TestNG.java:1137)
	at org.testng.TestNG.runSuites(TestNG.java:1049)
	at org.testng.TestNG.run(TestNG.java:1017)
	at org.testng.remote.AbstractRemoteTestNG.run(AbstractRemoteTestNG.java:115)
	at org.testng.remote.RemoteTestNG.initAndRun(RemoteTestNG.java:251)
	at org.testng.remote.RemoteTestNG.main(RemoteTestNG.java:77)
</pre></div></td>
<td>0</td>
<td>SumUp.getusers@7a3e5cd3</td></tr>
<tr>
<td title='SumUp.getusers.invalidlocale()'><b>invalidlocale</b><br>Test class: SumUp.getusers<br>Test method: User Generation with invalid locale<br>Parameters: 123456</td>
<td><div><pre>java.lang.AssertionError: 1 expectation failed.
Expected status code &lt;400&gt; but was &lt;200&gt;.

	at org.codehaus.groovy.runtime.callsite.ConstructorSite$ConstructorSiteNoUnwrap.callConstructor(ConstructorSite.java:84)
	at org.codehaus.groovy.runtime.callsite.AbstractCallSite.callConstructor(AbstractCallSite.java:247)
	at io.restassured.internal.ResponseSpecificationImpl$HamcrestAssertionClosure.validate(ResponseSpecificationImpl.groovy:471)
	at io.restassured.internal.ResponseSpecificationImpl$HamcrestAssertionClosure$validate$1.call(Unknown Source)
	at io.restassured.internal.ResponseSpecificationImpl.validate(ResponseSpecificationImpl.groovy:88)
	at io.restassured.internal.ValidatableResponseOptionsImpl.specification(ValidatableResponseOptionsImpl.java:311)
	at io.restassured.internal.ValidatableResponseOptionsImpl.spec(ValidatableResponseOptionsImpl.java:292)
	at SumUp.getusers.invalidlocale(getusers.java:142)
... Removed 31 stack frames</pre></div><a href='#' onClick='toggleBox("stack-trace1558011897", this, "Click to show all stack frames", "Click to hide stack frames")'>Click to show all stack frames</a>
<div class='stack-trace' id='stack-trace1558011897'><pre>java.lang.AssertionError: 1 expectation failed.
Expected status code &lt;400&gt; but was &lt;200&gt;.

	at sun.reflect.NativeConstructorAccessorImpl.newInstance0(Native Method)
	at sun.reflect.NativeConstructorAccessorImpl.newInstance(Unknown Source)
	at sun.reflect.DelegatingConstructorAccessorImpl.newInstance(Unknown Source)
	at java.lang.reflect.Constructor.newInstance(Unknown Source)
	at org.codehaus.groovy.reflection.CachedConstructor.invoke(CachedConstructor.java:83)
	at org.codehaus.groovy.reflection.CachedConstructor.doConstructorInvoke(CachedConstructor.java:77)
	at org.codehaus.groovy.runtime.callsite.ConstructorSite$ConstructorSiteNoUnwrap.callConstructor(ConstructorSite.java:84)
	at org.codehaus.groovy.runtime.callsite.AbstractCallSite.callConstructor(AbstractCallSite.java:247)
	at io.restassured.internal.ResponseSpecificationImpl$HamcrestAssertionClosure.validate(ResponseSpecificationImpl.groovy:471)
	at io.restassured.internal.ResponseSpecificationImpl$HamcrestAssertionClosure$validate$1.call(Unknown Source)
	at io.restassured.internal.ResponseSpecificationImpl.validate(ResponseSpecificationImpl.groovy:88)
	at io.restassured.internal.ValidatableResponseOptionsImpl.specification(ValidatableResponseOptionsImpl.java:311)
	at io.restassured.internal.ValidatableResponseOptionsImpl.spec(ValidatableResponseOptionsImpl.java:292)
	at SumUp.getusers.invalidlocale(getusers.java:142)
	at sun.reflect.NativeMethodAccessorImpl.invoke0(Native Method)
	at sun.reflect.NativeMethodAccessorImpl.invoke(Unknown Source)
	at sun.reflect.DelegatingMethodAccessorImpl.invoke(Unknown Source)
	at java.lang.reflect.Method.invoke(Unknown Source)
	at org.testng.internal.MethodInvocationHelper.invokeMethod(MethodInvocationHelper.java:124)
	at org.testng.internal.Invoker.invokeMethod(Invoker.java:583)
	at org.testng.internal.Invoker.invokeTestMethod(Invoker.java:719)
	at org.testng.internal.Invoker.invokeTestMethods(Invoker.java:989)
	at org.testng.internal.TestMethodWorker.invokeTestMethods(TestMethodWorker.java:125)
	at org.testng.internal.TestMethodWorker.run(TestMethodWorker.java:109)
	at org.testng.TestRunner.privateRun(TestRunner.java:648)
	at org.testng.TestRunner.run(TestRunner.java:505)
	at org.testng.SuiteRunner.runTest(SuiteRunner.java:455)
	at org.testng.SuiteRunner.runSequentially(SuiteRunner.java:450)
	at org.testng.SuiteRunner.privateRun(SuiteRunner.java:415)
	at org.testng.SuiteRunner.run(SuiteRunner.java:364)
	at org.testng.SuiteRunnerWorker.runSuite(SuiteRunnerWorker.java:52)
	at org.testng.SuiteRunnerWorker.run(SuiteRunnerWorker.java:84)
	at org.testng.TestNG.runSuitesSequentially(TestNG.java:1208)
	at org.testng.TestNG.runSuitesLocally(TestNG.java:1137)
	at org.testng.TestNG.runSuites(TestNG.java:1049)
	at org.testng.TestNG.run(TestNG.java:1017)
	at org.testng.remote.AbstractRemoteTestNG.run(AbstractRemoteTestNG.java:115)
	at org.testng.remote.RemoteTestNG.initAndRun(RemoteTestNG.java:251)
	at org.testng.remote.RemoteTestNG.main(RemoteTestNG.java:77)
</pre></div></td>
<td>0</td>
<td>SumUp.getusers@7a3e5cd3</td></tr>
<tr>
<td title='SumUp.getusers.invalidlocale()'><b>invalidlocale</b><br>Test class: SumUp.getusers<br>Test method: User Generation with invalid locale<br>Parameters: AS 125</td>
<td><div><pre>java.lang.AssertionError: 1 expectation failed.
Expected status code &lt;400&gt; but was &lt;200&gt;.

	at org.codehaus.groovy.runtime.callsite.ConstructorSite$ConstructorSiteNoUnwrap.callConstructor(ConstructorSite.java:84)
	at org.codehaus.groovy.runtime.callsite.AbstractCallSite.callConstructor(AbstractCallSite.java:247)
	at io.restassured.internal.ResponseSpecificationImpl$HamcrestAssertionClosure.validate(ResponseSpecificationImpl.groovy:471)
	at io.restassured.internal.ResponseSpecificationImpl$HamcrestAssertionClosure$validate$1.call(Unknown Source)
	at io.restassured.internal.ResponseSpecificationImpl.validate(ResponseSpecificationImpl.groovy:88)
	at io.restassured.internal.ValidatableResponseOptionsImpl.specification(ValidatableResponseOptionsImpl.java:311)
	at io.restassured.internal.ValidatableResponseOptionsImpl.spec(ValidatableResponseOptionsImpl.java:292)
	at SumUp.getusers.invalidlocale(getusers.java:142)
... Removed 31 stack frames</pre></div><a href='#' onClick='toggleBox("stack-trace341601869", this, "Click to show all stack frames", "Click to hide stack frames")'>Click to show all stack frames</a>
<div class='stack-trace' id='stack-trace341601869'><pre>java.lang.AssertionError: 1 expectation failed.
Expected status code &lt;400&gt; but was &lt;200&gt;.

	at sun.reflect.NativeConstructorAccessorImpl.newInstance0(Native Method)
	at sun.reflect.NativeConstructorAccessorImpl.newInstance(Unknown Source)
	at sun.reflect.DelegatingConstructorAccessorImpl.newInstance(Unknown Source)
	at java.lang.reflect.Constructor.newInstance(Unknown Source)
	at org.codehaus.groovy.reflection.CachedConstructor.invoke(CachedConstructor.java:83)
	at org.codehaus.groovy.reflection.CachedConstructor.doConstructorInvoke(CachedConstructor.java:77)
	at org.codehaus.groovy.runtime.callsite.ConstructorSite$ConstructorSiteNoUnwrap.callConstructor(ConstructorSite.java:84)
	at org.codehaus.groovy.runtime.callsite.AbstractCallSite.callConstructor(AbstractCallSite.java:247)
	at io.restassured.internal.ResponseSpecificationImpl$HamcrestAssertionClosure.validate(ResponseSpecificationImpl.groovy:471)
	at io.restassured.internal.ResponseSpecificationImpl$HamcrestAssertionClosure$validate$1.call(Unknown Source)
	at io.restassured.internal.ResponseSpecificationImpl.validate(ResponseSpecificationImpl.groovy:88)
	at io.restassured.internal.ValidatableResponseOptionsImpl.specification(ValidatableResponseOptionsImpl.java:311)
	at io.restassured.internal.ValidatableResponseOptionsImpl.spec(ValidatableResponseOptionsImpl.java:292)
	at SumUp.getusers.invalidlocale(getusers.java:142)
	at sun.reflect.NativeMethodAccessorImpl.invoke0(Native Method)
	at sun.reflect.NativeMethodAccessorImpl.invoke(Unknown Source)
	at sun.reflect.DelegatingMethodAccessorImpl.invoke(Unknown Source)
	at java.lang.reflect.Method.invoke(Unknown Source)
	at org.testng.internal.MethodInvocationHelper.invokeMethod(MethodInvocationHelper.java:124)
	at org.testng.internal.Invoker.invokeMethod(Invoker.java:583)
	at org.testng.internal.Invoker.invokeTestMethod(Invoker.java:719)
	at org.testng.internal.Invoker.invokeTestMethods(Invoker.java:989)
	at org.testng.internal.TestMethodWorker.invokeTestMethods(TestMethodWorker.java:125)
	at org.testng.internal.TestMethodWorker.run(TestMethodWorker.java:109)
	at org.testng.TestRunner.privateRun(TestRunner.java:648)
	at org.testng.TestRunner.run(TestRunner.java:505)
	at org.testng.SuiteRunner.runTest(SuiteRunner.java:455)
	at org.testng.SuiteRunner.runSequentially(SuiteRunner.java:450)
	at org.testng.SuiteRunner.privateRun(SuiteRunner.java:415)
	at org.testng.SuiteRunner.run(SuiteRunner.java:364)
	at org.testng.SuiteRunnerWorker.runSuite(SuiteRunnerWorker.java:52)
	at org.testng.SuiteRunnerWorker.run(SuiteRunnerWorker.java:84)
	at org.testng.TestNG.runSuitesSequentially(TestNG.java:1208)
	at org.testng.TestNG.runSuitesLocally(TestNG.java:1137)
	at org.testng.TestNG.runSuites(TestNG.java:1049)
	at org.testng.TestNG.run(TestNG.java:1017)
	at org.testng.remote.AbstractRemoteTestNG.run(AbstractRemoteTestNG.java:115)
	at org.testng.remote.RemoteTestNG.initAndRun(RemoteTestNG.java:251)
	at org.testng.remote.RemoteTestNG.main(RemoteTestNG.java:77)
</pre></div></td>
<td>0</td>
<td>SumUp.getusers@7a3e5cd3</td></tr>
<tr>
<td title='SumUp.getusers.localewithspace()'><b>localewithspace</b><br>Test class: SumUp.getusers<br>Test method: User Generation with space in locale characters<br>Parameters: US  </td>
<td><div><pre>java.lang.AssertionError: 1 expectation failed.
Expected status code &lt;400&gt; but was &lt;200&gt;.

	at org.codehaus.groovy.runtime.callsite.ConstructorSite$ConstructorSiteNoUnwrap.callConstructor(ConstructorSite.java:84)
	at org.codehaus.groovy.runtime.callsite.AbstractCallSite.callConstructor(AbstractCallSite.java:247)
	at io.restassured.internal.ResponseSpecificationImpl$HamcrestAssertionClosure.validate(ResponseSpecificationImpl.groovy:471)
	at io.restassured.internal.ResponseSpecificationImpl$HamcrestAssertionClosure$validate$1.call(Unknown Source)
	at io.restassured.internal.ResponseSpecificationImpl.validate(ResponseSpecificationImpl.groovy:88)
	at io.restassured.internal.ValidatableResponseOptionsImpl.specification(ValidatableResponseOptionsImpl.java:311)
	at io.restassured.internal.ValidatableResponseOptionsImpl.spec(ValidatableResponseOptionsImpl.java:292)
	at SumUp.getusers.localewithspace(getusers.java:122)
... Removed 31 stack frames</pre></div><a href='#' onClick='toggleBox("stack-trace1026226391", this, "Click to show all stack frames", "Click to hide stack frames")'>Click to show all stack frames</a>
<div class='stack-trace' id='stack-trace1026226391'><pre>java.lang.AssertionError: 1 expectation failed.
Expected status code &lt;400&gt; but was &lt;200&gt;.

	at sun.reflect.NativeConstructorAccessorImpl.newInstance0(Native Method)
	at sun.reflect.NativeConstructorAccessorImpl.newInstance(Unknown Source)
	at sun.reflect.DelegatingConstructorAccessorImpl.newInstance(Unknown Source)
	at java.lang.reflect.Constructor.newInstance(Unknown Source)
	at org.codehaus.groovy.reflection.CachedConstructor.invoke(CachedConstructor.java:83)
	at org.codehaus.groovy.reflection.CachedConstructor.doConstructorInvoke(CachedConstructor.java:77)
	at org.codehaus.groovy.runtime.callsite.ConstructorSite$ConstructorSiteNoUnwrap.callConstructor(ConstructorSite.java:84)
	at org.codehaus.groovy.runtime.callsite.AbstractCallSite.callConstructor(AbstractCallSite.java:247)
	at io.restassured.internal.ResponseSpecificationImpl$HamcrestAssertionClosure.validate(ResponseSpecificationImpl.groovy:471)
	at io.restassured.internal.ResponseSpecificationImpl$HamcrestAssertionClosure$validate$1.call(Unknown Source)
	at io.restassured.internal.ResponseSpecificationImpl.validate(ResponseSpecificationImpl.groovy:88)
	at io.restassured.internal.ValidatableResponseOptionsImpl.specification(ValidatableResponseOptionsImpl.java:311)
	at io.restassured.internal.ValidatableResponseOptionsImpl.spec(ValidatableResponseOptionsImpl.java:292)
	at SumUp.getusers.localewithspace(getusers.java:122)
	at sun.reflect.NativeMethodAccessorImpl.invoke0(Native Method)
	at sun.reflect.NativeMethodAccessorImpl.invoke(Unknown Source)
	at sun.reflect.DelegatingMethodAccessorImpl.invoke(Unknown Source)
	at java.lang.reflect.Method.invoke(Unknown Source)
	at org.testng.internal.MethodInvocationHelper.invokeMethod(MethodInvocationHelper.java:124)
	at org.testng.internal.Invoker.invokeMethod(Invoker.java:583)
	at org.testng.internal.Invoker.invokeTestMethod(Invoker.java:719)
	at org.testng.internal.Invoker.invokeTestMethods(Invoker.java:989)
	at org.testng.internal.TestMethodWorker.invokeTestMethods(TestMethodWorker.java:125)
	at org.testng.internal.TestMethodWorker.run(TestMethodWorker.java:109)
	at org.testng.TestRunner.privateRun(TestRunner.java:648)
	at org.testng.TestRunner.run(TestRunner.java:505)
	at org.testng.SuiteRunner.runTest(SuiteRunner.java:455)
	at org.testng.SuiteRunner.runSequentially(SuiteRunner.java:450)
	at org.testng.SuiteRunner.privateRun(SuiteRunner.java:415)
	at org.testng.SuiteRunner.run(SuiteRunner.java:364)
	at org.testng.SuiteRunnerWorker.runSuite(SuiteRunnerWorker.java:52)
	at org.testng.SuiteRunnerWorker.run(SuiteRunnerWorker.java:84)
	at org.testng.TestNG.runSuitesSequentially(TestNG.java:1208)
	at org.testng.TestNG.runSuitesLocally(TestNG.java:1137)
	at org.testng.TestNG.runSuites(TestNG.java:1049)
	at org.testng.TestNG.run(TestNG.java:1017)
	at org.testng.remote.AbstractRemoteTestNG.run(AbstractRemoteTestNG.java:115)
	at org.testng.remote.RemoteTestNG.initAndRun(RemoteTestNG.java:251)
	at org.testng.remote.RemoteTestNG.main(RemoteTestNG.java:77)
</pre></div></td>
<td>0</td>
<td>SumUp.getusers@7a3e5cd3</td></tr>
</table><p>
<table width='100%' border='1' class='invocation-passed'>
<tr><td colspan='4' align='center'><b>PASSED TESTS</b></td></tr>
<tr><td><b>Test method</b></td>
<td width="30%"><b>Exception</b></td>
<td width="10%"><b>Time (seconds)</b></td>
<td><b>Instance</b></td>
</tr>
<tr>
<td title='SumUp.getusers.casesensitivelocale()'><b>casesensitivelocale</b><br>Test class: SumUp.getusers<br>Test method: User Generation with Lowercase locale<br>Parameters: AL</td>
<td></td>
<td>0</td>
<td>SumUp.getusers@7a3e5cd3</td></tr>
<tr>
<td title='SumUp.getusers.casesensitivelocale()'><b>casesensitivelocale</b><br>Test class: SumUp.getusers<br>Test method: User Generation with Lowercase locale<br>Parameters: AR</td>
<td></td>
<td>0</td>
<td>SumUp.getusers@7a3e5cd3</td></tr>
<tr>
<td title='SumUp.getusers.casesensitivelocale()'><b>casesensitivelocale</b><br>Test class: SumUp.getusers<br>Test method: User Generation with Lowercase locale<br>Parameters: AM</td>
<td></td>
<td>0</td>
<td>SumUp.getusers@7a3e5cd3</td></tr>
<tr>
<td title='SumUp.getusers.casesensitivelocale()'><b>casesensitivelocale</b><br>Test class: SumUp.getusers<br>Test method: User Generation with Lowercase locale<br>Parameters: AU</td>
<td></td>
<td>0</td>
<td>SumUp.getusers@7a3e5cd3</td></tr>
<tr>
<td title='SumUp.getusers.casesensitivelocale()'><b>casesensitivelocale</b><br>Test class: SumUp.getusers<br>Test method: User Generation with Lowercase locale<br>Parameters: AT</td>
<td></td>
<td>0</td>
<td>SumUp.getusers@7a3e5cd3</td></tr>
<tr>
<td title='SumUp.getusers.casesensitivelocale()'><b>casesensitivelocale</b><br>Test class: SumUp.getusers<br>Test method: User Generation with Lowercase locale<br>Parameters: AZ</td>
<td></td>
<td>0</td>
<td>SumUp.getusers@7a3e5cd3</td></tr>
<tr>
<td title='SumUp.getusers.casesensitivelocale()'><b>casesensitivelocale</b><br>Test class: SumUp.getusers<br>Test method: User Generation with Lowercase locale<br>Parameters: BD</td>
<td></td>
<td>0</td>
<td>SumUp.getusers@7a3e5cd3</td></tr>
<tr>
<td title='SumUp.getusers.casesensitivelocale()'><b>casesensitivelocale</b><br>Test class: SumUp.getusers<br>Test method: User Generation with Lowercase locale<br>Parameters: BA</td>
<td></td>
<td>0</td>
<td>SumUp.getusers@7a3e5cd3</td></tr>
<tr>
<td title='SumUp.getusers.casesensitivelocale()'><b>casesensitivelocale</b><br>Test class: SumUp.getusers<br>Test method: User Generation with Lowercase locale<br>Parameters: BR</td>
<td></td>
<td>0</td>
<td>SumUp.getusers@7a3e5cd3</td></tr>
<tr>
<td title='SumUp.getusers.casesensitivelocale()'><b>casesensitivelocale</b><br>Test class: SumUp.getusers<br>Test method: User Generation with Lowercase locale<br>Parameters: BZ</td>
<td></td>
<td>0</td>
<td>SumUp.getusers@7a3e5cd3</td></tr>
<tr>
<td title='SumUp.getusers.casesensitivelocale()'><b>casesensitivelocale</b><br>Test class: SumUp.getusers<br>Test method: User Generation with Lowercase locale<br>Parameters: BG</td>
<td></td>
<td>0</td>
<td>SumUp.getusers@7a3e5cd3</td></tr>
<tr>
<td title='SumUp.getusers.casesensitivelocale()'><b>casesensitivelocale</b><br>Test class: SumUp.getusers<br>Test method: User Generation with Lowercase locale<br>Parameters: CA</td>
<td></td>
<td>0</td>
<td>SumUp.getusers@7a3e5cd3</td></tr>
<tr>
<td title='SumUp.getusers.casesensitivelocale()'><b>casesensitivelocale</b><br>Test class: SumUp.getusers<br>Test method: User Generation with Lowercase locale<br>Parameters: CL</td>
<td></td>
<td>0</td>
<td>SumUp.getusers@7a3e5cd3</td></tr>
<tr>
<td title='SumUp.getusers.casesensitivelocale()'><b>casesensitivelocale</b><br>Test class: SumUp.getusers<br>Test method: User Generation with Lowercase locale<br>Parameters: CN</td>
<td></td>
<td>0</td>
<td>SumUp.getusers@7a3e5cd3</td></tr>
<tr>
<td title='SumUp.getusers.casesensitivelocale()'><b>casesensitivelocale</b><br>Test class: SumUp.getusers<br>Test method: User Generation with Lowercase locale<br>Parameters: CO</td>
<td></td>
<td>0</td>
<td>SumUp.getusers@7a3e5cd3</td></tr>
<tr>
<td title='SumUp.getusers.casesensitivelocale()'><b>casesensitivelocale</b><br>Test class: SumUp.getusers<br>Test method: User Generation with Lowercase locale<br>Parameters: CR</td>
<td></td>
<td>0</td>
<td>SumUp.getusers@7a3e5cd3</td></tr>
<tr>
<td title='SumUp.getusers.casesensitivelocale()'><b>casesensitivelocale</b><br>Test class: SumUp.getusers<br>Test method: User Generation with Lowercase locale<br>Parameters: DK</td>
<td></td>
<td>0</td>
<td>SumUp.getusers@7a3e5cd3</td></tr>
<tr>
<td title='SumUp.getusers.casesensitivelocale()'><b>casesensitivelocale</b><br>Test class: SumUp.getusers<br>Test method: User Generation with Lowercase locale<br>Parameters: EG</td>
<td></td>
<td>0</td>
<td>SumUp.getusers@7a3e5cd3</td></tr>
<tr>
<td title='SumUp.getusers.casesensitivelocale()'><b>casesensitivelocale</b><br>Test class: SumUp.getusers<br>Test method: User Generation with Lowercase locale<br>Parameters: GB</td>
<td></td>
<td>0</td>
<td>SumUp.getusers@7a3e5cd3</td></tr>
<tr>
<td title='SumUp.getusers.casesensitivelocale()'><b>casesensitivelocale</b><br>Test class: SumUp.getusers<br>Test method: User Generation with Lowercase locale<br>Parameters: EE</td>
<td></td>
<td>0</td>
<td>SumUp.getusers@7a3e5cd3</td></tr>
<tr>
<td title='SumUp.getusers.casesensitivelocale()'><b>casesensitivelocale</b><br>Test class: SumUp.getusers<br>Test method: User Generation with Lowercase locale<br>Parameters: FI</td>
<td></td>
<td>0</td>
<td>SumUp.getusers@7a3e5cd3</td></tr>
<tr>
<td title='SumUp.getusers.casesensitivelocale()'><b>casesensitivelocale</b><br>Test class: SumUp.getusers<br>Test method: User Generation with Lowercase locale<br>Parameters: FR</td>
<td></td>
<td>0</td>
<td>SumUp.getusers@7a3e5cd3</td></tr>
<tr>
<td title='SumUp.getusers.casesensitivelocale()'><b>casesensitivelocale</b><br>Test class: SumUp.getusers<br>Test method: User Generation with Lowercase locale<br>Parameters: GR</td>
<td></td>
<td>0</td>
<td>SumUp.getusers@7a3e5cd3</td></tr>
<tr>
<td title='SumUp.getusers.casesensitivelocale()'><b>casesensitivelocale</b><br>Test class: SumUp.getusers<br>Test method: User Generation with Lowercase locale<br>Parameters: DE</td>
<td></td>
<td>0</td>
<td>SumUp.getusers@7a3e5cd3</td></tr>
<tr>
<td title='SumUp.getusers.casesensitivelocale()'><b>casesensitivelocale</b><br>Test class: SumUp.getusers<br>Test method: User Generation with Lowercase locale<br>Parameters: GR</td>
<td></td>
<td>0</td>
<td>SumUp.getusers@7a3e5cd3</td></tr>
<tr>
<td title='SumUp.getusers.casesensitivelocale()'><b>casesensitivelocale</b><br>Test class: SumUp.getusers<br>Test method: User Generation with Lowercase locale<br>Parameters: HU</td>
<td></td>
<td>0</td>
<td>SumUp.getusers@7a3e5cd3</td></tr>
<tr>
<td title='SumUp.getusers.casesensitivelocale()'><b>casesensitivelocale</b><br>Test class: SumUp.getusers<br>Test method: User Generation with Lowercase locale<br>Parameters: IN</td>
<td></td>
<td>0</td>
<td>SumUp.getusers@7a3e5cd3</td></tr>
<tr>
<td title='SumUp.getusers.casesensitivelocale()'><b>casesensitivelocale</b><br>Test class: SumUp.getusers<br>Test method: User Generation with Lowercase locale<br>Parameters: IR</td>
<td></td>
<td>0</td>
<td>SumUp.getusers@7a3e5cd3</td></tr>
<tr>
<td title='SumUp.getusers.casesensitivelocale()'><b>casesensitivelocale</b><br>Test class: SumUp.getusers<br>Test method: User Generation with Lowercase locale<br>Parameters: IL</td>
<td></td>
<td>0</td>
<td>SumUp.getusers@7a3e5cd3</td></tr>
<tr>
<td title='SumUp.getusers.casesensitivelocale()'><b>casesensitivelocale</b><br>Test class: SumUp.getusers<br>Test method: User Generation with Lowercase locale<br>Parameters: IT</td>
<td></td>
<td>0</td>
<td>SumUp.getusers@7a3e5cd3</td></tr>
<tr>
<td title='SumUp.getusers.casesensitivelocale()'><b>casesensitivelocale</b><br>Test class: SumUp.getusers<br>Test method: User Generation with Lowercase locale<br>Parameters: JP</td>
<td></td>
<td>0</td>
<td>SumUp.getusers@7a3e5cd3</td></tr>
<tr>
<td title='SumUp.getusers.casesensitivelocale()'><b>casesensitivelocale</b><br>Test class: SumUp.getusers<br>Test method: User Generation with Lowercase locale<br>Parameters: KR</td>
<td></td>
<td>0</td>
<td>SumUp.getusers@7a3e5cd3</td></tr>
<tr>
<td title='SumUp.getusers.casesensitivelocale()'><b>casesensitivelocale</b><br>Test class: SumUp.getusers<br>Test method: User Generation with Lowercase locale<br>Parameters: MX</td>
<td></td>
<td>0</td>
<td>SumUp.getusers@7a3e5cd3</td></tr>
<tr>
<td title='SumUp.getusers.casesensitivelocale()'><b>casesensitivelocale</b><br>Test class: SumUp.getusers<br>Test method: User Generation with Lowercase locale<br>Parameters: MA</td>
<td></td>
<td>0</td>
<td>SumUp.getusers@7a3e5cd3</td></tr>
<tr>
<td title='SumUp.getusers.casesensitivelocale()'><b>casesensitivelocale</b><br>Test class: SumUp.getusers<br>Test method: User Generation with Lowercase locale<br>Parameters: NP</td>
<td></td>
<td>0</td>
<td>SumUp.getusers@7a3e5cd3</td></tr>
<tr>
<td title='SumUp.getusers.casesensitivelocale()'><b>casesensitivelocale</b><br>Test class: SumUp.getusers<br>Test method: User Generation with Lowercase locale<br>Parameters: NL</td>
<td></td>
<td>0</td>
<td>SumUp.getusers@7a3e5cd3</td></tr>
<tr>
<td title='SumUp.getusers.casesensitivelocale()'><b>casesensitivelocale</b><br>Test class: SumUp.getusers<br>Test method: User Generation with Lowercase locale<br>Parameters: NZ</td>
<td></td>
<td>0</td>
<td>SumUp.getusers@7a3e5cd3</td></tr>
<tr>
<td title='SumUp.getusers.casesensitivelocale()'><b>casesensitivelocale</b><br>Test class: SumUp.getusers<br>Test method: User Generation with Lowercase locale<br>Parameters: NG</td>
<td></td>
<td>0</td>
<td>SumUp.getusers@7a3e5cd3</td></tr>
<tr>
<td title='SumUp.getusers.casesensitivelocale()'><b>casesensitivelocale</b><br>Test class: SumUp.getusers<br>Test method: User Generation with Lowercase locale<br>Parameters: NO</td>
<td></td>
<td>0</td>
<td>SumUp.getusers@7a3e5cd3</td></tr>
<tr>
<td title='SumUp.getusers.casesensitivelocale()'><b>casesensitivelocale</b><br>Test class: SumUp.getusers<br>Test method: User Generation with Lowercase locale<br>Parameters: PK</td>
<td></td>
<td>0</td>
<td>SumUp.getusers@7a3e5cd3</td></tr>
<tr>
<td title='SumUp.getusers.casesensitivelocale()'><b>casesensitivelocale</b><br>Test class: SumUp.getusers<br>Test method: User Generation with Lowercase locale<br>Parameters: PT</td>
<td></td>
<td>0</td>
<td>SumUp.getusers@7a3e5cd3</td></tr>
<tr>
<td title='SumUp.getusers.casesensitivelocale()'><b>casesensitivelocale</b><br>Test class: SumUp.getusers<br>Test method: User Generation with Lowercase locale<br>Parameters: RO</td>
<td></td>
<td>0</td>
<td>SumUp.getusers@7a3e5cd3</td></tr>
<tr>
<td title='SumUp.getusers.casesensitivelocale()'><b>casesensitivelocale</b><br>Test class: SumUp.getusers<br>Test method: User Generation with Lowercase locale<br>Parameters: RU</td>
<td></td>
<td>0</td>
<td>SumUp.getusers@7a3e5cd3</td></tr>
<tr>
<td title='SumUp.getusers.casesensitivelocale()'><b>casesensitivelocale</b><br>Test class: SumUp.getusers<br>Test method: User Generation with Lowercase locale<br>Parameters: SA</td>
<td></td>
<td>0</td>
<td>SumUp.getusers@7a3e5cd3</td></tr>
<tr>
<td title='SumUp.getusers.casesensitivelocale()'><b>casesensitivelocale</b><br>Test class: SumUp.getusers<br>Test method: User Generation with Lowercase locale<br>Parameters: SK</td>
<td></td>
<td>0</td>
<td>SumUp.getusers@7a3e5cd3</td></tr>
<tr>
<td title='SumUp.getusers.casesensitivelocale()'><b>casesensitivelocale</b><br>Test class: SumUp.getusers<br>Test method: User Generation with Lowercase locale<br>Parameters: SI</td>
<td></td>
<td>0</td>
<td>SumUp.getusers@7a3e5cd3</td></tr>
<tr>
<td title='SumUp.getusers.casesensitivelocale()'><b>casesensitivelocale</b><br>Test class: SumUp.getusers<br>Test method: User Generation with Lowercase locale<br>Parameters: ES</td>
<td></td>
<td>0</td>
<td>SumUp.getusers@7a3e5cd3</td></tr>
<tr>
<td title='SumUp.getusers.casesensitivelocale()'><b>casesensitivelocale</b><br>Test class: SumUp.getusers<br>Test method: User Generation with Lowercase locale<br>Parameters: SE</td>
<td></td>
<td>0</td>
<td>SumUp.getusers@7a3e5cd3</td></tr>
<tr>
<td title='SumUp.getusers.casesensitivelocale()'><b>casesensitivelocale</b><br>Test class: SumUp.getusers<br>Test method: User Generation with Lowercase locale<br>Parameters: CH</td>
<td></td>
<td>0</td>
<td>SumUp.getusers@7a3e5cd3</td></tr>
<tr>
<td title='SumUp.getusers.casesensitivelocale()'><b>casesensitivelocale</b><br>Test class: SumUp.getusers<br>Test method: User Generation with Lowercase locale<br>Parameters: TR</td>
<td></td>
<td>0</td>
<td>SumUp.getusers@7a3e5cd3</td></tr>
<tr>
<td title='SumUp.getusers.casesensitivelocale()'><b>casesensitivelocale</b><br>Test class: SumUp.getusers<br>Test method: User Generation with Lowercase locale<br>Parameters: UA</td>
<td></td>
<td>0</td>
<td>SumUp.getusers@7a3e5cd3</td></tr>
<tr>
<td title='SumUp.getusers.casesensitivelocale()'><b>casesensitivelocale</b><br>Test class: SumUp.getusers<br>Test method: User Generation with Lowercase locale<br>Parameters: US</td>
<td></td>
<td>0</td>
<td>SumUp.getusers@7a3e5cd3</td></tr>
<tr>
<td title='SumUp.getusers.casesensitivelocale()'><b>casesensitivelocale</b><br>Test class: SumUp.getusers<br>Test method: User Generation with Lowercase locale<br>Parameters: VN</td>
<td></td>
<td>0</td>
<td>SumUp.getusers@7a3e5cd3</td></tr>
<tr>
<td title='SumUp.getusers.jsonschema()'><b>jsonschema</b><br>Test class: SumUp.getusers<br>Test method: jsonschema validation<br>Parameters: US</td>
<td></td>
<td>0</td>
<td>SumUp.getusers@7a3e5cd3</td></tr>
<tr>
<td title='SumUp.getusers.nopayload()'><b>nopayload</b><br>Test class: SumUp.getusers<br>Test method: User Generation with no payload</td>
<td></td>
<td>0</td>
<td>SumUp.getusers@7a3e5cd3</td></tr>
<tr>
<td title='SumUp.getusers.validlocale()'><b>validlocale</b><br>Test class: SumUp.getusers<br>Test method: User Generation with Uppercase locale<br>Parameters: AL</td>
<td></td>
<td>4</td>
<td>SumUp.getusers@7a3e5cd3</td></tr>
<tr>
<td title='SumUp.getusers.validlocale()'><b>validlocale</b><br>Test class: SumUp.getusers<br>Test method: User Generation with Uppercase locale<br>Parameters: AR</td>
<td></td>
<td>0</td>
<td>SumUp.getusers@7a3e5cd3</td></tr>
<tr>
<td title='SumUp.getusers.validlocale()'><b>validlocale</b><br>Test class: SumUp.getusers<br>Test method: User Generation with Uppercase locale<br>Parameters: AM</td>
<td></td>
<td>0</td>
<td>SumUp.getusers@7a3e5cd3</td></tr>
<tr>
<td title='SumUp.getusers.validlocale()'><b>validlocale</b><br>Test class: SumUp.getusers<br>Test method: User Generation with Uppercase locale<br>Parameters: AU</td>
<td></td>
<td>0</td>
<td>SumUp.getusers@7a3e5cd3</td></tr>
<tr>
<td title='SumUp.getusers.validlocale()'><b>validlocale</b><br>Test class: SumUp.getusers<br>Test method: User Generation with Uppercase locale<br>Parameters: AT</td>
<td></td>
<td>0</td>
<td>SumUp.getusers@7a3e5cd3</td></tr>
<tr>
<td title='SumUp.getusers.validlocale()'><b>validlocale</b><br>Test class: SumUp.getusers<br>Test method: User Generation with Uppercase locale<br>Parameters: AZ</td>
<td></td>
<td>0</td>
<td>SumUp.getusers@7a3e5cd3</td></tr>
<tr>
<td title='SumUp.getusers.validlocale()'><b>validlocale</b><br>Test class: SumUp.getusers<br>Test method: User Generation with Uppercase locale<br>Parameters: BD</td>
<td></td>
<td>0</td>
<td>SumUp.getusers@7a3e5cd3</td></tr>
<tr>
<td title='SumUp.getusers.validlocale()'><b>validlocale</b><br>Test class: SumUp.getusers<br>Test method: User Generation with Uppercase locale<br>Parameters: BA</td>
<td></td>
<td>0</td>
<td>SumUp.getusers@7a3e5cd3</td></tr>
<tr>
<td title='SumUp.getusers.validlocale()'><b>validlocale</b><br>Test class: SumUp.getusers<br>Test method: User Generation with Uppercase locale<br>Parameters: BR</td>
<td></td>
<td>0</td>
<td>SumUp.getusers@7a3e5cd3</td></tr>
<tr>
<td title='SumUp.getusers.validlocale()'><b>validlocale</b><br>Test class: SumUp.getusers<br>Test method: User Generation with Uppercase locale<br>Parameters: BZ</td>
<td></td>
<td>0</td>
<td>SumUp.getusers@7a3e5cd3</td></tr>
<tr>
<td title='SumUp.getusers.validlocale()'><b>validlocale</b><br>Test class: SumUp.getusers<br>Test method: User Generation with Uppercase locale<br>Parameters: BG</td>
<td></td>
<td>0</td>
<td>SumUp.getusers@7a3e5cd3</td></tr>
<tr>
<td title='SumUp.getusers.validlocale()'><b>validlocale</b><br>Test class: SumUp.getusers<br>Test method: User Generation with Uppercase locale<br>Parameters: CA</td>
<td></td>
<td>0</td>
<td>SumUp.getusers@7a3e5cd3</td></tr>
<tr>
<td title='SumUp.getusers.validlocale()'><b>validlocale</b><br>Test class: SumUp.getusers<br>Test method: User Generation with Uppercase locale<br>Parameters: CL</td>
<td></td>
<td>0</td>
<td>SumUp.getusers@7a3e5cd3</td></tr>
<tr>
<td title='SumUp.getusers.validlocale()'><b>validlocale</b><br>Test class: SumUp.getusers<br>Test method: User Generation with Uppercase locale<br>Parameters: CN</td>
<td></td>
<td>0</td>
<td>SumUp.getusers@7a3e5cd3</td></tr>
<tr>
<td title='SumUp.getusers.validlocale()'><b>validlocale</b><br>Test class: SumUp.getusers<br>Test method: User Generation with Uppercase locale<br>Parameters: CO</td>
<td></td>
<td>0</td>
<td>SumUp.getusers@7a3e5cd3</td></tr>
<tr>
<td title='SumUp.getusers.validlocale()'><b>validlocale</b><br>Test class: SumUp.getusers<br>Test method: User Generation with Uppercase locale<br>Parameters: CR</td>
<td></td>
<td>0</td>
<td>SumUp.getusers@7a3e5cd3</td></tr>
<tr>
<td title='SumUp.getusers.validlocale()'><b>validlocale</b><br>Test class: SumUp.getusers<br>Test method: User Generation with Uppercase locale<br>Parameters: DK</td>
<td></td>
<td>0</td>
<td>SumUp.getusers@7a3e5cd3</td></tr>
<tr>
<td title='SumUp.getusers.validlocale()'><b>validlocale</b><br>Test class: SumUp.getusers<br>Test method: User Generation with Uppercase locale<br>Parameters: EG</td>
<td></td>
<td>0</td>
<td>SumUp.getusers@7a3e5cd3</td></tr>
<tr>
<td title='SumUp.getusers.validlocale()'><b>validlocale</b><br>Test class: SumUp.getusers<br>Test method: User Generation with Uppercase locale<br>Parameters: GB</td>
<td></td>
<td>0</td>
<td>SumUp.getusers@7a3e5cd3</td></tr>
<tr>
<td title='SumUp.getusers.validlocale()'><b>validlocale</b><br>Test class: SumUp.getusers<br>Test method: User Generation with Uppercase locale<br>Parameters: EE</td>
<td></td>
<td>0</td>
<td>SumUp.getusers@7a3e5cd3</td></tr>
<tr>
<td title='SumUp.getusers.validlocale()'><b>validlocale</b><br>Test class: SumUp.getusers<br>Test method: User Generation with Uppercase locale<br>Parameters: FI</td>
<td></td>
<td>0</td>
<td>SumUp.getusers@7a3e5cd3</td></tr>
<tr>
<td title='SumUp.getusers.validlocale()'><b>validlocale</b><br>Test class: SumUp.getusers<br>Test method: User Generation with Uppercase locale<br>Parameters: FR</td>
<td></td>
<td>0</td>
<td>SumUp.getusers@7a3e5cd3</td></tr>
<tr>
<td title='SumUp.getusers.validlocale()'><b>validlocale</b><br>Test class: SumUp.getusers<br>Test method: User Generation with Uppercase locale<br>Parameters: GR</td>
<td></td>
<td>0</td>
<td>SumUp.getusers@7a3e5cd3</td></tr>
<tr>
<td title='SumUp.getusers.validlocale()'><b>validlocale</b><br>Test class: SumUp.getusers<br>Test method: User Generation with Uppercase locale<br>Parameters: DE</td>
<td></td>
<td>0</td>
<td>SumUp.getusers@7a3e5cd3</td></tr>
<tr>
<td title='SumUp.getusers.validlocale()'><b>validlocale</b><br>Test class: SumUp.getusers<br>Test method: User Generation with Uppercase locale<br>Parameters: GR</td>
<td></td>
<td>0</td>
<td>SumUp.getusers@7a3e5cd3</td></tr>
<tr>
<td title='SumUp.getusers.validlocale()'><b>validlocale</b><br>Test class: SumUp.getusers<br>Test method: User Generation with Uppercase locale<br>Parameters: HU</td>
<td></td>
<td>0</td>
<td>SumUp.getusers@7a3e5cd3</td></tr>
<tr>
<td title='SumUp.getusers.validlocale()'><b>validlocale</b><br>Test class: SumUp.getusers<br>Test method: User Generation with Uppercase locale<br>Parameters: IN</td>
<td></td>
<td>0</td>
<td>SumUp.getusers@7a3e5cd3</td></tr>
<tr>
<td title='SumUp.getusers.validlocale()'><b>validlocale</b><br>Test class: SumUp.getusers<br>Test method: User Generation with Uppercase locale<br>Parameters: IR</td>
<td></td>
<td>0</td>
<td>SumUp.getusers@7a3e5cd3</td></tr>
<tr>
<td title='SumUp.getusers.validlocale()'><b>validlocale</b><br>Test class: SumUp.getusers<br>Test method: User Generation with Uppercase locale<br>Parameters: IL</td>
<td></td>
<td>0</td>
<td>SumUp.getusers@7a3e5cd3</td></tr>
<tr>
<td title='SumUp.getusers.validlocale()'><b>validlocale</b><br>Test class: SumUp.getusers<br>Test method: User Generation with Uppercase locale<br>Parameters: IT</td>
<td></td>
<td>0</td>
<td>SumUp.getusers@7a3e5cd3</td></tr>
<tr>
<td title='SumUp.getusers.validlocale()'><b>validlocale</b><br>Test class: SumUp.getusers<br>Test method: User Generation with Uppercase locale<br>Parameters: JP</td>
<td></td>
<td>0</td>
<td>SumUp.getusers@7a3e5cd3</td></tr>
<tr>
<td title='SumUp.getusers.validlocale()'><b>validlocale</b><br>Test class: SumUp.getusers<br>Test method: User Generation with Uppercase locale<br>Parameters: KR</td>
<td></td>
<td>0</td>
<td>SumUp.getusers@7a3e5cd3</td></tr>
<tr>
<td title='SumUp.getusers.validlocale()'><b>validlocale</b><br>Test class: SumUp.getusers<br>Test method: User Generation with Uppercase locale<br>Parameters: MX</td>
<td></td>
<td>0</td>
<td>SumUp.getusers@7a3e5cd3</td></tr>
<tr>
<td title='SumUp.getusers.validlocale()'><b>validlocale</b><br>Test class: SumUp.getusers<br>Test method: User Generation with Uppercase locale<br>Parameters: MA</td>
<td></td>
<td>0</td>
<td>SumUp.getusers@7a3e5cd3</td></tr>
<tr>
<td title='SumUp.getusers.validlocale()'><b>validlocale</b><br>Test class: SumUp.getusers<br>Test method: User Generation with Uppercase locale<br>Parameters: NP</td>
<td></td>
<td>0</td>
<td>SumUp.getusers@7a3e5cd3</td></tr>
<tr>
<td title='SumUp.getusers.validlocale()'><b>validlocale</b><br>Test class: SumUp.getusers<br>Test method: User Generation with Uppercase locale<br>Parameters: NL</td>
<td></td>
<td>0</td>
<td>SumUp.getusers@7a3e5cd3</td></tr>
<tr>
<td title='SumUp.getusers.validlocale()'><b>validlocale</b><br>Test class: SumUp.getusers<br>Test method: User Generation with Uppercase locale<br>Parameters: NZ</td>
<td></td>
<td>0</td>
<td>SumUp.getusers@7a3e5cd3</td></tr>
<tr>
<td title='SumUp.getusers.validlocale()'><b>validlocale</b><br>Test class: SumUp.getusers<br>Test method: User Generation with Uppercase locale<br>Parameters: NG</td>
<td></td>
<td>0</td>
<td>SumUp.getusers@7a3e5cd3</td></tr>
<tr>
<td title='SumUp.getusers.validlocale()'><b>validlocale</b><br>Test class: SumUp.getusers<br>Test method: User Generation with Uppercase locale<br>Parameters: NO</td>
<td></td>
<td>0</td>
<td>SumUp.getusers@7a3e5cd3</td></tr>
<tr>
<td title='SumUp.getusers.validlocale()'><b>validlocale</b><br>Test class: SumUp.getusers<br>Test method: User Generation with Uppercase locale<br>Parameters: PK</td>
<td></td>
<td>0</td>
<td>SumUp.getusers@7a3e5cd3</td></tr>
<tr>
<td title='SumUp.getusers.validlocale()'><b>validlocale</b><br>Test class: SumUp.getusers<br>Test method: User Generation with Uppercase locale<br>Parameters: PT</td>
<td></td>
<td>0</td>
<td>SumUp.getusers@7a3e5cd3</td></tr>
<tr>
<td title='SumUp.getusers.validlocale()'><b>validlocale</b><br>Test class: SumUp.getusers<br>Test method: User Generation with Uppercase locale<br>Parameters: RO</td>
<td></td>
<td>0</td>
<td>SumUp.getusers@7a3e5cd3</td></tr>
<tr>
<td title='SumUp.getusers.validlocale()'><b>validlocale</b><br>Test class: SumUp.getusers<br>Test method: User Generation with Uppercase locale<br>Parameters: RU</td>
<td></td>
<td>0</td>
<td>SumUp.getusers@7a3e5cd3</td></tr>
<tr>
<td title='SumUp.getusers.validlocale()'><b>validlocale</b><br>Test class: SumUp.getusers<br>Test method: User Generation with Uppercase locale<br>Parameters: SA</td>
<td></td>
<td>0</td>
<td>SumUp.getusers@7a3e5cd3</td></tr>
<tr>
<td title='SumUp.getusers.validlocale()'><b>validlocale</b><br>Test class: SumUp.getusers<br>Test method: User Generation with Uppercase locale<br>Parameters: SK</td>
<td></td>
<td>0</td>
<td>SumUp.getusers@7a3e5cd3</td></tr>
<tr>
<td title='SumUp.getusers.validlocale()'><b>validlocale</b><br>Test class: SumUp.getusers<br>Test method: User Generation with Uppercase locale<br>Parameters: SI</td>
<td></td>
<td>0</td>
<td>SumUp.getusers@7a3e5cd3</td></tr>
<tr>
<td title='SumUp.getusers.validlocale()'><b>validlocale</b><br>Test class: SumUp.getusers<br>Test method: User Generation with Uppercase locale<br>Parameters: ES</td>
<td></td>
<td>0</td>
<td>SumUp.getusers@7a3e5cd3</td></tr>
<tr>
<td title='SumUp.getusers.validlocale()'><b>validlocale</b><br>Test class: SumUp.getusers<br>Test method: User Generation with Uppercase locale<br>Parameters: SE</td>
<td></td>
<td>0</td>
<td>SumUp.getusers@7a3e5cd3</td></tr>
<tr>
<td title='SumUp.getusers.validlocale()'><b>validlocale</b><br>Test class: SumUp.getusers<br>Test method: User Generation with Uppercase locale<br>Parameters: CH</td>
<td></td>
<td>0</td>
<td>SumUp.getusers@7a3e5cd3</td></tr>
<tr>
<td title='SumUp.getusers.validlocale()'><b>validlocale</b><br>Test class: SumUp.getusers<br>Test method: User Generation with Uppercase locale<br>Parameters: TR</td>
<td></td>
<td>0</td>
<td>SumUp.getusers@7a3e5cd3</td></tr>
<tr>
<td title='SumUp.getusers.validlocale()'><b>validlocale</b><br>Test class: SumUp.getusers<br>Test method: User Generation with Uppercase locale<br>Parameters: UA</td>
<td></td>
<td>0</td>
<td>SumUp.getusers@7a3e5cd3</td></tr>
<tr>
<td title='SumUp.getusers.validlocale()'><b>validlocale</b><br>Test class: SumUp.getusers<br>Test method: User Generation with Uppercase locale<br>Parameters: US</td>
<td></td>
<td>0</td>
<td>SumUp.getusers@7a3e5cd3</td></tr>
<tr>
<td title='SumUp.getusers.validlocale()'><b>validlocale</b><br>Test class: SumUp.getusers<br>Test method: User Generation with Uppercase locale<br>Parameters: VN</td>
<td></td>
<td>0</td>
<td>SumUp.getusers@7a3e5cd3</td></tr>
</table><p>
</body>
</html>