<?xml version="1.0" encoding="UTF-8"?>
<!-- Generated by org.testng.reporters.JUnitReportReporter -->
<testsuite skipped="0" hostname="DESKTOP-G2S6DVP" name="SumUp.getusers" tests="113" failures="5" timestamp="02 May 2020 03:48:15 GMT" time="25.060" errors="0">
  <testcase name="validlocale" time="0.189" classname="SumUp.getusers"/>
  <testcase name="validlocale" time="0.229" classname="SumUp.getusers"/>
  <testcase name="validlocale" time="0.198" classname="SumUp.getusers"/>
  <testcase name="validlocale" time="0.201" classname="SumUp.getusers"/>
  <testcase name="validlocale" time="0.230" classname="SumUp.getusers"/>
  <testcase name="validlocale" time="0.181" classname="SumUp.getusers"/>
  <testcase name="validlocale" time="0.177" classname="SumUp.getusers"/>
  <testcase name="validlocale" time="0.198" classname="SumUp.getusers"/>
  <testcase name="validlocale" time="0.150" classname="SumUp.getusers"/>
  <testcase name="validlocale" time="0.253" classname="SumUp.getusers"/>
  <testcase name="validlocale" time="0.193" classname="SumUp.getusers"/>
  <testcase name="validlocale" time="0.144" classname="SumUp.getusers"/>
  <testcase name="validlocale" time="4.442" classname="SumUp.getusers"/>
  <testcase name="validlocale" time="0.184" classname="SumUp.getusers"/>
  <testcase name="validlocale" time="0.167" classname="SumUp.getusers"/>
  <testcase name="validlocale" time="0.154" classname="SumUp.getusers"/>
  <testcase name="validlocale" time="0.224" classname="SumUp.getusers"/>
  <testcase name="validlocale" time="0.252" classname="SumUp.getusers"/>
  <testcase name="validlocale" time="0.207" classname="SumUp.getusers"/>
  <testcase name="validlocale" time="0.197" classname="SumUp.getusers"/>
  <testcase name="validlocale" time="0.204" classname="SumUp.getusers"/>
  <testcase name="validlocale" time="0.235" classname="SumUp.getusers"/>
  <testcase name="validlocale" time="0.170" classname="SumUp.getusers"/>
  <testcase name="validlocale" time="0.216" classname="SumUp.getusers"/>
  <testcase name="validlocale" time="0.285" classname="SumUp.getusers"/>
  <testcase name="validlocale" time="0.210" classname="SumUp.getusers"/>
  <testcase name="validlocale" time="0.716" classname="SumUp.getusers"/>
  <testcase name="validlocale" time="0.144" classname="SumUp.getusers"/>
  <testcase name="validlocale" time="0.217" classname="SumUp.getusers"/>
  <testcase name="validlocale" time="0.139" classname="SumUp.getusers"/>
  <testcase name="validlocale" time="0.197" classname="SumUp.getusers"/>
  <testcase name="validlocale" time="0.220" classname="SumUp.getusers"/>
  <testcase name="validlocale" time="0.223" classname="SumUp.getusers"/>
  <testcase name="validlocale" time="0.157" classname="SumUp.getusers"/>
  <testcase name="validlocale" time="0.205" classname="SumUp.getusers"/>
  <testcase name="validlocale" time="0.150" classname="SumUp.getusers"/>
  <testcase name="validlocale" time="0.185" classname="SumUp.getusers"/>
  <testcase name="validlocale" time="0.194" classname="SumUp.getusers"/>
  <testcase name="validlocale" time="0.195" classname="SumUp.getusers"/>
  <testcase name="validlocale" time="0.159" classname="SumUp.getusers"/>
  <testcase name="validlocale" time="0.244" classname="SumUp.getusers"/>
  <testcase name="validlocale" time="0.223" classname="SumUp.getusers"/>
  <testcase name="validlocale" time="0.252" classname="SumUp.getusers"/>
  <testcase name="validlocale" time="0.198" classname="SumUp.getusers"/>
  <testcase name="validlocale" time="0.232" classname="SumUp.getusers"/>
  <testcase name="validlocale" time="0.262" classname="SumUp.getusers"/>
  <testcase name="validlocale" time="0.246" classname="SumUp.getusers"/>
  <testcase name="validlocale" time="0.186" classname="SumUp.getusers"/>
  <testcase name="validlocale" time="0.169" classname="SumUp.getusers"/>
  <testcase name="validlocale" time="0.195" classname="SumUp.getusers"/>
  <testcase name="validlocale" time="0.246" classname="SumUp.getusers"/>
  <testcase name="validlocale" time="0.280" classname="SumUp.getusers"/>
  <testcase name="validlocale" time="0.203" classname="SumUp.getusers"/>
  <testcase name="casesensitivelocale" time="0.215" classname="SumUp.getusers"/>
  <testcase name="casesensitivelocale" time="0.173" classname="SumUp.getusers"/>
  <testcase name="casesensitivelocale" time="0.221" classname="SumUp.getusers"/>
  <testcase name="casesensitivelocale" time="0.128" classname="SumUp.getusers"/>
  <testcase name="casesensitivelocale" time="0.126" classname="SumUp.getusers"/>
  <testcase name="casesensitivelocale" time="0.184" classname="SumUp.getusers"/>
  <testcase name="casesensitivelocale" time="0.132" classname="SumUp.getusers"/>
  <testcase name="casesensitivelocale" time="0.154" classname="SumUp.getusers"/>
  <testcase name="casesensitivelocale" time="0.173" classname="SumUp.getusers"/>
  <testcase name="casesensitivelocale" time="0.157" classname="SumUp.getusers"/>
  <testcase name="casesensitivelocale" time="0.146" classname="SumUp.getusers"/>
  <testcase name="casesensitivelocale" time="0.142" classname="SumUp.getusers"/>
  <testcase name="casesensitivelocale" time="0.207" classname="SumUp.getusers"/>
  <testcase name="casesensitivelocale" time="0.148" classname="SumUp.getusers"/>
  <testcase name="casesensitivelocale" time="0.171" classname="SumUp.getusers"/>
  <testcase name="casesensitivelocale" time="0.159" classname="SumUp.getusers"/>
  <testcase name="casesensitivelocale" time="0.131" classname="SumUp.getusers"/>
  <testcase name="casesensitivelocale" time="0.201" classname="SumUp.getusers"/>
  <testcase name="casesensitivelocale" time="0.138" classname="SumUp.getusers"/>
  <testcase name="casesensitivelocale" time="0.220" classname="SumUp.getusers"/>
  <testcase name="casesensitivelocale" time="0.156" classname="SumUp.getusers"/>
  <testcase name="casesensitivelocale" time="0.175" classname="SumUp.getusers"/>
  <testcase name="casesensitivelocale" time="0.197" classname="SumUp.getusers"/>
  <testcase name="casesensitivelocale" time="0.166" classname="SumUp.getusers"/>
  <testcase name="casesensitivelocale" time="0.200" classname="SumUp.getusers"/>
  <testcase name="casesensitivelocale" time="0.166" classname="SumUp.getusers"/>
  <testcase name="casesensitivelocale" time="0.175" classname="SumUp.getusers"/>
  <testcase name="casesensitivelocale" time="0.232" classname="SumUp.getusers"/>
  <testcase name="casesensitivelocale" time="0.159" classname="SumUp.getusers"/>
  <testcase name="casesensitivelocale" time="0.134" classname="SumUp.getusers"/>
  <testcase name="casesensitivelocale" time="0.168" classname="SumUp.getusers"/>
  <testcase name="casesensitivelocale" time="0.150" classname="SumUp.getusers"/>
  <testcase name="casesensitivelocale" time="0.216" classname="SumUp.getusers"/>
  <testcase name="casesensitivelocale" time="0.205" classname="SumUp.getusers"/>
  <testcase name="casesensitivelocale" time="0.165" classname="SumUp.getusers"/>
  <testcase name="casesensitivelocale" time="0.194" classname="SumUp.getusers"/>
  <testcase name="casesensitivelocale" time="0.166" classname="SumUp.getusers"/>
  <testcase name="casesensitivelocale" time="0.176" classname="SumUp.getusers"/>
  <testcase name="casesensitivelocale" time="0.134" classname="SumUp.getusers"/>
  <testcase name="casesensitivelocale" time="0.157" classname="SumUp.getusers"/>
  <testcase name="casesensitivelocale" time="0.162" classname="SumUp.getusers"/>
  <testcase name="casesensitivelocale" time="0.272" classname="SumUp.getusers"/>
  <testcase name="casesensitivelocale" time="0.181" classname="SumUp.getusers"/>
  <testcase name="casesensitivelocale" time="0.187" classname="SumUp.getusers"/>
  <testcase name="casesensitivelocale" time="0.161" classname="SumUp.getusers"/>
  <testcase name="casesensitivelocale" time="0.200" classname="SumUp.getusers"/>
  <testcase name="casesensitivelocale" time="0.146" classname="SumUp.getusers"/>
  <testcase name="casesensitivelocale" time="0.137" classname="SumUp.getusers"/>
  <testcase name="casesensitivelocale" time="0.247" classname="SumUp.getusers"/>
  <testcase name="casesensitivelocale" time="0.142" classname="SumUp.getusers"/>
  <testcase name="casesensitivelocale" time="0.124" classname="SumUp.getusers"/>
  <testcase name="casesensitivelocale" time="0.207" classname="SumUp.getusers"/>
  <testcase name="casesensitivelocale" time="0.164" classname="SumUp.getusers"/>
  <testcase name="blanklocale" time="0.053" classname="SumUp.getusers">
    <failure type="java.lang.AssertionError" message="1 expectation failed.
Expected status code &lt;400&gt; but was &lt;200&gt;.
">
      <![CDATA[java.lang.AssertionError: 1 expectation failed.
Expected status code <400> but was <200>.

at sun.reflect.NativeConstructorAccessorImpl.newInstance0(Native Method)
at sun.reflect.NativeConstructorAccessorImpl.newInstance(Unknown Source)
at sun.reflect.DelegatingConstructorAccessorImpl.newInstance(Unknown Source)
at java.lang.reflect.Constructor.newInstance(Unknown Source)
at org.codehaus.groovy.reflection.CachedConstructor.invoke(CachedConstructor.java:83)
at org.codehaus.groovy.reflection.CachedConstructor.doConstructorInvoke(CachedConstructor.java:77)
at org.codehaus.groovy.runtime.callsite.ConstructorSite$ConstructorSiteNoUnwrap.callConstructor(ConstructorSite.java:84)
at org.codehaus.groovy.runtime.callsite.CallSiteArray.defaultCallConstructor(CallSiteArray.java:60)
at org.codehaus.groovy.runtime.callsite.AbstractCallSite.callConstructor(AbstractCallSite.java:235)
at org.codehaus.groovy.runtime.callsite.AbstractCallSite.callConstructor(AbstractCallSite.java:247)
at io.restassured.internal.ResponseSpecificationImpl$HamcrestAssertionClosure.validate(ResponseSpecificationImpl.groovy:471)
at io.restassured.internal.ResponseSpecificationImpl$HamcrestAssertionClosure$validate$1.call(Unknown Source)
at io.restassured.internal.ResponseSpecificationImpl.validate(ResponseSpecificationImpl.groovy:88)
at io.restassured.internal.ValidatableResponseOptionsImpl.specification(ValidatableResponseOptionsImpl.java:311)
at io.restassured.internal.ValidatableResponseOptionsImpl.spec(ValidatableResponseOptionsImpl.java:292)
at SumUp.getusers.blanklocale(getusers.java:102)
at sun.reflect.NativeMethodAccessorImpl.invoke0(Native Method)
at sun.reflect.NativeMethodAccessorImpl.invoke(Unknown Source)
at sun.reflect.DelegatingMethodAccessorImpl.invoke(Unknown Source)
at java.lang.reflect.Method.invoke(Unknown Source)
at org.testng.internal.MethodInvocationHelper.invokeMethod(MethodInvocationHelper.java:124)
at org.testng.internal.Invoker.invokeMethod(Invoker.java:583)
at org.testng.internal.Invoker.invokeTestMethod(Invoker.java:719)
at org.testng.internal.Invoker.invokeTestMethods(Invoker.java:989)
at org.testng.internal.TestMethodWorker.invokeTestMethods(TestMethodWorker.java:125)
at org.testng.internal.TestMethodWorker.run(TestMethodWorker.java:109)
at org.testng.TestRunner.privateRun(TestRunner.java:648)
at org.testng.TestRunner.run(TestRunner.java:505)
at org.testng.SuiteRunner.runTest(SuiteRunner.java:455)
at org.testng.SuiteRunner.runSequentially(SuiteRunner.java:450)
at org.testng.SuiteRunner.privateRun(SuiteRunner.java:415)
at org.testng.SuiteRunner.run(SuiteRunner.java:364)
at org.testng.SuiteRunnerWorker.runSuite(SuiteRunnerWorker.java:52)
at org.testng.SuiteRunnerWorker.run(SuiteRunnerWorker.java:84)
at org.testng.TestNG.runSuitesSequentially(TestNG.java:1208)
at org.testng.TestNG.runSuitesLocally(TestNG.java:1137)
at org.testng.TestNG.runSuites(TestNG.java:1049)
at org.testng.TestNG.run(TestNG.java:1017)
at org.testng.remote.AbstractRemoteTestNG.run(AbstractRemoteTestNG.java:115)
at org.testng.remote.RemoteTestNG.initAndRun(RemoteTestNG.java:251)
at org.testng.remote.RemoteTestNG.main(RemoteTestNG.java:77)
]]>
    </failure>
  </testcase> <!-- blanklocale -->
  <testcase name="localewithspace" time="0.018" classname="SumUp.getusers">
    <failure type="java.lang.AssertionError" message="1 expectation failed.
Expected status code &lt;400&gt; but was &lt;200&gt;.
">
      <![CDATA[java.lang.AssertionError: 1 expectation failed.
Expected status code <400> but was <200>.

at sun.reflect.NativeConstructorAccessorImpl.newInstance0(Native Method)
at sun.reflect.NativeConstructorAccessorImpl.newInstance(Unknown Source)
at sun.reflect.DelegatingConstructorAccessorImpl.newInstance(Unknown Source)
at java.lang.reflect.Constructor.newInstance(Unknown Source)
at org.codehaus.groovy.reflection.CachedConstructor.invoke(CachedConstructor.java:83)
at org.codehaus.groovy.reflection.CachedConstructor.doConstructorInvoke(CachedConstructor.java:77)
at org.codehaus.groovy.runtime.callsite.ConstructorSite$ConstructorSiteNoUnwrap.callConstructor(ConstructorSite.java:84)
at org.codehaus.groovy.runtime.callsite.AbstractCallSite.callConstructor(AbstractCallSite.java:247)
at io.restassured.internal.ResponseSpecificationImpl$HamcrestAssertionClosure.validate(ResponseSpecificationImpl.groovy:471)
at io.restassured.internal.ResponseSpecificationImpl$HamcrestAssertionClosure$validate$1.call(Unknown Source)
at io.restassured.internal.ResponseSpecificationImpl.validate(ResponseSpecificationImpl.groovy:88)
at io.restassured.internal.ValidatableResponseOptionsImpl.specification(ValidatableResponseOptionsImpl.java:311)
at io.restassured.internal.ValidatableResponseOptionsImpl.spec(ValidatableResponseOptionsImpl.java:292)
at SumUp.getusers.localewithspace(getusers.java:122)
at sun.reflect.NativeMethodAccessorImpl.invoke0(Native Method)
at sun.reflect.NativeMethodAccessorImpl.invoke(Unknown Source)
at sun.reflect.DelegatingMethodAccessorImpl.invoke(Unknown Source)
at java.lang.reflect.Method.invoke(Unknown Source)
at org.testng.internal.MethodInvocationHelper.invokeMethod(MethodInvocationHelper.java:124)
at org.testng.internal.Invoker.invokeMethod(Invoker.java:583)
at org.testng.internal.Invoker.invokeTestMethod(Invoker.java:719)
at org.testng.internal.Invoker.invokeTestMethods(Invoker.java:989)
at org.testng.internal.TestMethodWorker.invokeTestMethods(TestMethodWorker.java:125)
at org.testng.internal.TestMethodWorker.run(TestMethodWorker.java:109)
at org.testng.TestRunner.privateRun(TestRunner.java:648)
at org.testng.TestRunner.run(TestRunner.java:505)
at org.testng.SuiteRunner.runTest(SuiteRunner.java:455)
at org.testng.SuiteRunner.runSequentially(SuiteRunner.java:450)
at org.testng.SuiteRunner.privateRun(SuiteRunner.java:415)
at org.testng.SuiteRunner.run(SuiteRunner.java:364)
at org.testng.SuiteRunnerWorker.runSuite(SuiteRunnerWorker.java:52)
at org.testng.SuiteRunnerWorker.run(SuiteRunnerWorker.java:84)
at org.testng.TestNG.runSuitesSequentially(TestNG.java:1208)
at org.testng.TestNG.runSuitesLocally(TestNG.java:1137)
at org.testng.TestNG.runSuites(TestNG.java:1049)
at org.testng.TestNG.run(TestNG.java:1017)
at org.testng.remote.AbstractRemoteTestNG.run(AbstractRemoteTestNG.java:115)
at org.testng.remote.RemoteTestNG.initAndRun(RemoteTestNG.java:251)
at org.testng.remote.RemoteTestNG.main(RemoteTestNG.java:77)
]]>
    </failure>
  </testcase> <!-- localewithspace -->
  <testcase name="invalidlocale" time="0.021" classname="SumUp.getusers">
    <failure type="java.lang.AssertionError" message="1 expectation failed.
Expected status code &lt;400&gt; but was &lt;200&gt;.
">
      <![CDATA[java.lang.AssertionError: 1 expectation failed.
Expected status code <400> but was <200>.

at sun.reflect.NativeConstructorAccessorImpl.newInstance0(Native Method)
at sun.reflect.NativeConstructorAccessorImpl.newInstance(Unknown Source)
at sun.reflect.DelegatingConstructorAccessorImpl.newInstance(Unknown Source)
at java.lang.reflect.Constructor.newInstance(Unknown Source)
at org.codehaus.groovy.reflection.CachedConstructor.invoke(CachedConstructor.java:83)
at org.codehaus.groovy.reflection.CachedConstructor.doConstructorInvoke(CachedConstructor.java:77)
at org.codehaus.groovy.runtime.callsite.ConstructorSite$ConstructorSiteNoUnwrap.callConstructor(ConstructorSite.java:84)
at org.codehaus.groovy.runtime.callsite.AbstractCallSite.callConstructor(AbstractCallSite.java:247)
at io.restassured.internal.ResponseSpecificationImpl$HamcrestAssertionClosure.validate(ResponseSpecificationImpl.groovy:471)
at io.restassured.internal.ResponseSpecificationImpl$HamcrestAssertionClosure$validate$1.call(Unknown Source)
at io.restassured.internal.ResponseSpecificationImpl.validate(ResponseSpecificationImpl.groovy:88)
at io.restassured.internal.ValidatableResponseOptionsImpl.specification(ValidatableResponseOptionsImpl.java:311)
at io.restassured.internal.ValidatableResponseOptionsImpl.spec(ValidatableResponseOptionsImpl.java:292)
at SumUp.getusers.invalidlocale(getusers.java:142)
at sun.reflect.NativeMethodAccessorImpl.invoke0(Native Method)
at sun.reflect.NativeMethodAccessorImpl.invoke(Unknown Source)
at sun.reflect.DelegatingMethodAccessorImpl.invoke(Unknown Source)
at java.lang.reflect.Method.invoke(Unknown Source)
at org.testng.internal.MethodInvocationHelper.invokeMethod(MethodInvocationHelper.java:124)
at org.testng.internal.Invoker.invokeMethod(Invoker.java:583)
at org.testng.internal.Invoker.invokeTestMethod(Invoker.java:719)
at org.testng.internal.Invoker.invokeTestMethods(Invoker.java:989)
at org.testng.internal.TestMethodWorker.invokeTestMethods(TestMethodWorker.java:125)
at org.testng.internal.TestMethodWorker.run(TestMethodWorker.java:109)
at org.testng.TestRunner.privateRun(TestRunner.java:648)
at org.testng.TestRunner.run(TestRunner.java:505)
at org.testng.SuiteRunner.runTest(SuiteRunner.java:455)
at org.testng.SuiteRunner.runSequentially(SuiteRunner.java:450)
at org.testng.SuiteRunner.privateRun(SuiteRunner.java:415)
at org.testng.SuiteRunner.run(SuiteRunner.java:364)
at org.testng.SuiteRunnerWorker.runSuite(SuiteRunnerWorker.java:52)
at org.testng.SuiteRunnerWorker.run(SuiteRunnerWorker.java:84)
at org.testng.TestNG.runSuitesSequentially(TestNG.java:1208)
at org.testng.TestNG.runSuitesLocally(TestNG.java:1137)
at org.testng.TestNG.runSuites(TestNG.java:1049)
at org.testng.TestNG.run(TestNG.java:1017)
at org.testng.remote.AbstractRemoteTestNG.run(AbstractRemoteTestNG.java:115)
at org.testng.remote.RemoteTestNG.initAndRun(RemoteTestNG.java:251)
at org.testng.remote.RemoteTestNG.main(RemoteTestNG.java:77)
]]>
    </failure>
  </testcase> <!-- invalidlocale -->
  <testcase name="invalidlocale" time="0.024" classname="SumUp.getusers">
    <failure type="java.lang.AssertionError" message="1 expectation failed.
Expected status code &lt;400&gt; but was &lt;200&gt;.
">
      <![CDATA[java.lang.AssertionError: 1 expectation failed.
Expected status code <400> but was <200>.

at sun.reflect.NativeConstructorAccessorImpl.newInstance0(Native Method)
at sun.reflect.NativeConstructorAccessorImpl.newInstance(Unknown Source)
at sun.reflect.DelegatingConstructorAccessorImpl.newInstance(Unknown Source)
at java.lang.reflect.Constructor.newInstance(Unknown Source)
at org.codehaus.groovy.reflection.CachedConstructor.invoke(CachedConstructor.java:83)
at org.codehaus.groovy.reflection.CachedConstructor.doConstructorInvoke(CachedConstructor.java:77)
at org.codehaus.groovy.runtime.callsite.ConstructorSite$ConstructorSiteNoUnwrap.callConstructor(ConstructorSite.java:84)
at org.codehaus.groovy.runtime.callsite.AbstractCallSite.callConstructor(AbstractCallSite.java:247)
at io.restassured.internal.ResponseSpecificationImpl$HamcrestAssertionClosure.validate(ResponseSpecificationImpl.groovy:471)
at io.restassured.internal.ResponseSpecificationImpl$HamcrestAssertionClosure$validate$1.call(Unknown Source)
at io.restassured.internal.ResponseSpecificationImpl.validate(ResponseSpecificationImpl.groovy:88)
at io.restassured.internal.ValidatableResponseOptionsImpl.specification(ValidatableResponseOptionsImpl.java:311)
at io.restassured.internal.ValidatableResponseOptionsImpl.spec(ValidatableResponseOptionsImpl.java:292)
at SumUp.getusers.invalidlocale(getusers.java:142)
at sun.reflect.NativeMethodAccessorImpl.invoke0(Native Method)
at sun.reflect.NativeMethodAccessorImpl.invoke(Unknown Source)
at sun.reflect.DelegatingMethodAccessorImpl.invoke(Unknown Source)
at java.lang.reflect.Method.invoke(Unknown Source)
at org.testng.internal.MethodInvocationHelper.invokeMethod(MethodInvocationHelper.java:124)
at org.testng.internal.Invoker.invokeMethod(Invoker.java:583)
at org.testng.internal.Invoker.invokeTestMethod(Invoker.java:719)
at org.testng.internal.Invoker.invokeTestMethods(Invoker.java:989)
at org.testng.internal.TestMethodWorker.invokeTestMethods(TestMethodWorker.java:125)
at org.testng.internal.TestMethodWorker.run(TestMethodWorker.java:109)
at org.testng.TestRunner.privateRun(TestRunner.java:648)
at org.testng.TestRunner.run(TestRunner.java:505)
at org.testng.SuiteRunner.runTest(SuiteRunner.java:455)
at org.testng.SuiteRunner.runSequentially(SuiteRunner.java:450)
at org.testng.SuiteRunner.privateRun(SuiteRunner.java:415)
at org.testng.SuiteRunner.run(SuiteRunner.java:364)
at org.testng.SuiteRunnerWorker.runSuite(SuiteRunnerWorker.java:52)
at org.testng.SuiteRunnerWorker.run(SuiteRunnerWorker.java:84)
at org.testng.TestNG.runSuitesSequentially(TestNG.java:1208)
at org.testng.TestNG.runSuitesLocally(TestNG.java:1137)
at org.testng.TestNG.runSuites(TestNG.java:1049)
at org.testng.TestNG.run(TestNG.java:1017)
at org.testng.remote.AbstractRemoteTestNG.run(AbstractRemoteTestNG.java:115)
at org.testng.remote.RemoteTestNG.initAndRun(RemoteTestNG.java:251)
at org.testng.remote.RemoteTestNG.main(RemoteTestNG.java:77)
]]>
    </failure>
  </testcase> <!-- invalidlocale -->
  <testcase name="invalidlocale" time="0.015" classname="SumUp.getusers">
    <failure type="java.lang.AssertionError" message="1 expectation failed.
Expected status code &lt;400&gt; but was &lt;200&gt;.
">
      <![CDATA[java.lang.AssertionError: 1 expectation failed.
Expected status code <400> but was <200>.

at sun.reflect.NativeConstructorAccessorImpl.newInstance0(Native Method)
at sun.reflect.NativeConstructorAccessorImpl.newInstance(Unknown Source)
at sun.reflect.DelegatingConstructorAccessorImpl.newInstance(Unknown Source)
at java.lang.reflect.Constructor.newInstance(Unknown Source)
at org.codehaus.groovy.reflection.CachedConstructor.invoke(CachedConstructor.java:83)
at org.codehaus.groovy.reflection.CachedConstructor.doConstructorInvoke(CachedConstructor.java:77)
at org.codehaus.groovy.runtime.callsite.ConstructorSite$ConstructorSiteNoUnwrap.callConstructor(ConstructorSite.java:84)
at org.codehaus.groovy.runtime.callsite.AbstractCallSite.callConstructor(AbstractCallSite.java:247)
at io.restassured.internal.ResponseSpecificationImpl$HamcrestAssertionClosure.validate(ResponseSpecificationImpl.groovy:471)
at io.restassured.internal.ResponseSpecificationImpl$HamcrestAssertionClosure$validate$1.call(Unknown Source)
at io.restassured.internal.ResponseSpecificationImpl.validate(ResponseSpecificationImpl.groovy:88)
at io.restassured.internal.ValidatableResponseOptionsImpl.specification(ValidatableResponseOptionsImpl.java:311)
at io.restassured.internal.ValidatableResponseOptionsImpl.spec(ValidatableResponseOptionsImpl.java:292)
at SumUp.getusers.invalidlocale(getusers.java:142)
at sun.reflect.NativeMethodAccessorImpl.invoke0(Native Method)
at sun.reflect.NativeMethodAccessorImpl.invoke(Unknown Source)
at sun.reflect.DelegatingMethodAccessorImpl.invoke(Unknown Source)
at java.lang.reflect.Method.invoke(Unknown Source)
at org.testng.internal.MethodInvocationHelper.invokeMethod(MethodInvocationHelper.java:124)
at org.testng.internal.Invoker.invokeMethod(Invoker.java:583)
at org.testng.internal.Invoker.invokeTestMethod(Invoker.java:719)
at org.testng.internal.Invoker.invokeTestMethods(Invoker.java:989)
at org.testng.internal.TestMethodWorker.invokeTestMethods(TestMethodWorker.java:125)
at org.testng.internal.TestMethodWorker.run(TestMethodWorker.java:109)
at org.testng.TestRunner.privateRun(TestRunner.java:648)
at org.testng.TestRunner.run(TestRunner.java:505)
at org.testng.SuiteRunner.runTest(SuiteRunner.java:455)
at org.testng.SuiteRunner.runSequentially(SuiteRunner.java:450)
at org.testng.SuiteRunner.privateRun(SuiteRunner.java:415)
at org.testng.SuiteRunner.run(SuiteRunner.java:364)
at org.testng.SuiteRunnerWorker.runSuite(SuiteRunnerWorker.java:52)
at org.testng.SuiteRunnerWorker.run(SuiteRunnerWorker.java:84)
at org.testng.TestNG.runSuitesSequentially(TestNG.java:1208)
at org.testng.TestNG.runSuitesLocally(TestNG.java:1137)
at org.testng.TestNG.runSuites(TestNG.java:1049)
at org.testng.TestNG.run(TestNG.java:1017)
at org.testng.remote.AbstractRemoteTestNG.run(AbstractRemoteTestNG.java:115)
at org.testng.remote.RemoteTestNG.initAndRun(RemoteTestNG.java:251)
at org.testng.remote.RemoteTestNG.main(RemoteTestNG.java:77)
]]>
    </failure>
  </testcase> <!-- invalidlocale -->
  <testcase name="nopayload" time="0.040" classname="SumUp.getusers"/>
  <testcase name="jsonschema" time="0.215" classname="SumUp.getusers"/>
</testsuite> <!-- SumUp.getusers -->
